<?xml version="1.0" encoding="UTF-8"?>
<!-- Generated by org.testng.reporters.JUnitReportReporter -->
<testsuite hostname="5441e5d6cfe3" failures="0" tests="9" name="com.asif.tests.vendorportal.VendorPortalTest" time="23.343" errors="0" timestamp="2023-09-16T16:30:30 GMT" skipped="0">
  <testcase classname="com.asif.tests.vendorportal.VendorPortalTest" name="logoutTest" time="1.495"/>
  <testcase classname="com.asif.tests.vendorportal.VendorPortalTest" name="logoutTest" time="4.718"/>
  <testcase classname="com.asif.tests.vendorportal.VendorPortalTest" name="dashboardTest" time="3.014"/>
  <testcase classname="com.asif.tests.vendorportal.VendorPortalTest" name="loginTest" time="2.020"/>
  <testcase classname="com.asif.tests.vendorportal.VendorPortalTest" name="dashboardTest" time="3.182"/>
  <testcase classname="com.asif.tests.vendorportal.VendorPortalTest" name="loginTest" time="2.084"/>
  <testcase classname="com.asif.tests.vendorportal.VendorPortalTest" name="loginTest" time="2.100"/>
  <testcase classname="com.asif.tests.vendorportal.VendorPortalTest" name="logoutTest" time="2.557"/>
  <testcase classname="com.asif.tests.vendorportal.VendorPortalTest" name="dashboardTest" time="2.173"/>
</testsuite> <!-- com.asif.tests.vendorportal.VendorPortalTest -->
